{"/home/dk/cursos-estudos/fullstackclub/app-finance/app-finance-api/src/controllers/helpers/http.js": {"path":"/home/dk/cursos-estudos/fullstackclub/app-finance/app-finance-api/src/controllers/helpers/http.js","all":false,"statementMap":{"0":{"start":{"line":1,"column":0},"end":{"line":1,"column":0}},"1":{"start":{"line":2,"column":0},"end":{"line":2,"column":38}},"2":{"start":{"line":3,"column":0},"end":{"line":3,"column":18}},"3":{"start":{"line":4,"column":0},"end":{"line":4,"column":7}},"4":{"start":{"line":5,"column":0},"end":{"line":5,"column":3}},"5":{"start":{"line":6,"column":0},"end":{"line":6,"column":36}},"6":{"start":{"line":7,"column":0},"end":{"line":7,"column":18}},"7":{"start":{"line":8,"column":0},"end":{"line":8,"column":7}},"8":{"start":{"line":9,"column":0},"end":{"line":9,"column":3}},"9":{"start":{"line":10,"column":0},"end":{"line":10,"column":35}},"10":{"start":{"line":11,"column":0},"end":{"line":11,"column":18}},"11":{"start":{"line":12,"column":0},"end":{"line":12,"column":7}},"12":{"start":{"line":13,"column":0},"end":{"line":13,"column":3}},"13":{"start":{"line":14,"column":0},"end":{"line":14,"column":30}},"14":{"start":{"line":15,"column":0},"end":{"line":15,"column":18}},"15":{"start":{"line":16,"column":0},"end":{"line":16,"column":7}},"16":{"start":{"line":17,"column":0},"end":{"line":17,"column":3}},"17":{"start":{"line":18,"column":0},"end":{"line":18,"column":38}},"18":{"start":{"line":19,"column":0},"end":{"line":19,"column":18}},"19":{"start":{"line":20,"column":0},"end":{"line":20,"column":9}},"20":{"start":{"line":21,"column":0},"end":{"line":21,"column":37}},"21":{"start":{"line":22,"column":0},"end":{"line":22,"column":4}},"22":{"start":{"line":23,"column":0},"end":{"line":23,"column":3}}},"s":{"0":1,"1":1,"2":6,"3":6,"4":1,"5":1,"6":0,"7":0,"8":1,"9":1,"10":2,"11":2,"12":1,"13":1,"14":0,"15":0,"16":1,"17":1,"18":1,"19":1,"20":1,"21":1,"22":1},"branchMap":{"0":{"type":"branch","line":2,"loc":{"start":{"line":2,"column":-1},"end":{"line":23,"column":3}},"locations":[{"start":{"line":2,"column":-1},"end":{"line":23,"column":3}}]},"1":{"type":"branch","line":2,"loc":{"start":{"line":2,"column":26},"end":{"line":5,"column":2}},"locations":[{"start":{"line":2,"column":26},"end":{"line":5,"column":2}}]},"2":{"type":"branch","line":10,"loc":{"start":{"line":10,"column":23},"end":{"line":13,"column":2}},"locations":[{"start":{"line":10,"column":23},"end":{"line":13,"column":2}}]},"3":{"type":"branch","line":18,"loc":{"start":{"line":18,"column":30},"end":{"line":23,"column":2}},"locations":[{"start":{"line":18,"column":30},"end":{"line":23,"column":2}}]}},"b":{"0":[1],"1":[6],"2":[2],"3":[1]},"fnMap":{"0":{"name":"badRequest","decl":{"start":{"line":2,"column":26},"end":{"line":5,"column":2}},"loc":{"start":{"line":2,"column":26},"end":{"line":5,"column":2}},"line":2},"1":{"name":"notFound","decl":{"start":{"line":6,"column":24},"end":{"line":9,"column":2}},"loc":{"start":{"line":6,"column":24},"end":{"line":9,"column":2}},"line":6},"2":{"name":"created","decl":{"start":{"line":10,"column":23},"end":{"line":13,"column":2}},"loc":{"start":{"line":10,"column":23},"end":{"line":13,"column":2}},"line":10},"3":{"name":"ok","decl":{"start":{"line":14,"column":18},"end":{"line":17,"column":2}},"loc":{"start":{"line":14,"column":18},"end":{"line":17,"column":2}},"line":14},"4":{"name":"internalServer","decl":{"start":{"line":18,"column":30},"end":{"line":23,"column":2}},"loc":{"start":{"line":18,"column":30},"end":{"line":23,"column":2}},"line":18}},"f":{"0":6,"1":0,"2":2,"3":0,"4":1}}
,"/home/dk/cursos-estudos/fullstackclub/app-finance/app-finance-api/src/controllers/helpers/index.js": {"path":"/home/dk/cursos-estudos/fullstackclub/app-finance/app-finance-api/src/controllers/helpers/index.js","all":false,"statementMap":{"0":{"start":{"line":1,"column":0},"end":{"line":1,"column":26}},"1":{"start":{"line":2,"column":0},"end":{"line":2,"column":33}},"2":{"start":{"line":3,"column":0},"end":{"line":3,"column":26}},"3":{"start":{"line":4,"column":0},"end":{"line":4,"column":32}}},"s":{"0":1,"1":1,"2":1,"3":1},"branchMap":{"0":{"type":"branch","line":1,"loc":{"start":{"line":1,"column":0},"end":{"line":4,"column":32}},"locations":[{"start":{"line":1,"column":0},"end":{"line":4,"column":32}}]}},"b":{"0":[1]},"fnMap":{},"f":{}}
,"/home/dk/cursos-estudos/fullstackclub/app-finance/app-finance-api/src/controllers/helpers/transaction.js": {"path":"/home/dk/cursos-estudos/fullstackclub/app-finance/app-finance-api/src/controllers/helpers/transaction.js","all":false,"statementMap":{"0":{"start":{"line":1,"column":0},"end":{"line":1,"column":34}},"1":{"start":{"line":2,"column":0},"end":{"line":2,"column":39}},"2":{"start":{"line":3,"column":0},"end":{"line":3,"column":0}},"3":{"start":{"line":4,"column":0},"end":{"line":4,"column":91}},"4":{"start":{"line":5,"column":0},"end":{"line":5,"column":131}},"5":{"start":{"line":6,"column":0},"end":{"line":6,"column":0}},"6":{"start":{"line":7,"column":0},"end":{"line":7,"column":48}},"7":{"start":{"line":8,"column":0},"end":{"line":8,"column":2}},"8":{"start":{"line":9,"column":0},"end":{"line":9,"column":33}},"9":{"start":{"line":10,"column":0},"end":{"line":10,"column":17}},"10":{"start":{"line":11,"column":0},"end":{"line":11,"column":3}},"11":{"start":{"line":12,"column":0},"end":{"line":12,"column":51}},"12":{"start":{"line":13,"column":0},"end":{"line":13,"column":30}},"13":{"start":{"line":14,"column":0},"end":{"line":14,"column":24}},"14":{"start":{"line":15,"column":0},"end":{"line":15,"column":27}},"15":{"start":{"line":16,"column":0},"end":{"line":16,"column":26}},"16":{"start":{"line":17,"column":0},"end":{"line":17,"column":4}},"17":{"start":{"line":18,"column":0},"end":{"line":18,"column":0}},"18":{"start":{"line":19,"column":0},"end":{"line":19,"column":97}}},"s":{"0":1,"1":1,"2":1,"3":1,"4":1,"5":1,"6":1,"7":0,"8":0,"9":0,"10":0,"11":0,"12":0,"13":0,"14":0,"15":0,"16":1,"17":1,"18":1},"branchMap":{"0":{"type":"branch","line":1,"loc":{"start":{"line":1,"column":0},"end":{"line":19,"column":97}},"locations":[{"start":{"line":1,"column":0},"end":{"line":19,"column":97}}]}},"b":{"0":[1]},"fnMap":{"0":{"name":"invalidAmountResponse","decl":{"start":{"line":4,"column":37},"end":{"line":4,"column":90}},"loc":{"start":{"line":4,"column":37},"end":{"line":4,"column":90}},"line":4},"1":{"name":"invalidTypeResponse","decl":{"start":{"line":5,"column":36},"end":{"line":5,"column":130}},"loc":{"start":{"line":5,"column":36},"end":{"line":5,"column":130}},"line":5},"2":{"name":"checkIfAmountIsValid","decl":{"start":{"line":7,"column":36},"end":{"line":17,"column":3}},"loc":{"start":{"line":7,"column":36},"end":{"line":17,"column":3}},"line":7},"3":{"name":"checkIfTypeIsValid","decl":{"start":{"line":19,"column":34},"end":{"line":19,"column":97}},"loc":{"start":{"line":19,"column":34},"end":{"line":19,"column":97}},"line":19}},"f":{"0":0,"1":0,"2":0,"3":0}}
,"/home/dk/cursos-estudos/fullstackclub/app-finance/app-finance-api/src/controllers/helpers/user.js": {"path":"/home/dk/cursos-estudos/fullstackclub/app-finance/app-finance-api/src/controllers/helpers/user.js","all":false,"statementMap":{"0":{"start":{"line":1,"column":0},"end":{"line":1,"column":34}},"1":{"start":{"line":2,"column":0},"end":{"line":2,"column":39}},"2":{"start":{"line":3,"column":0},"end":{"line":3,"column":0}},"3":{"start":{"line":4,"column":0},"end":{"line":4,"column":119}},"4":{"start":{"line":5,"column":0},"end":{"line":5,"column":136}},"5":{"start":{"line":6,"column":0},"end":{"line":6,"column":0}},"6":{"start":{"line":7,"column":0},"end":{"line":7,"column":73}},"7":{"start":{"line":8,"column":0},"end":{"line":8,"column":71}}},"s":{"0":1,"1":1,"2":1,"3":1,"4":1,"5":1,"6":1,"7":1},"branchMap":{"0":{"type":"branch","line":1,"loc":{"start":{"line":1,"column":0},"end":{"line":8,"column":71}},"locations":[{"start":{"line":1,"column":0},"end":{"line":8,"column":71}}]}},"b":{"0":[1]},"fnMap":{"0":{"name":"invalidPasswordResponse","decl":{"start":{"line":4,"column":39},"end":{"line":4,"column":118}},"loc":{"start":{"line":4,"column":39},"end":{"line":4,"column":118}},"line":4},"1":{"name":"emailAlreadyExistsResponse","decl":{"start":{"line":5,"column":42},"end":{"line":5,"column":135}},"loc":{"start":{"line":5,"column":42},"end":{"line":5,"column":135}},"line":5},"2":{"name":"checkIfPasswordIsValid","decl":{"start":{"line":7,"column":38},"end":{"line":7,"column":72}},"loc":{"start":{"line":7,"column":38},"end":{"line":7,"column":72}},"line":7},"3":{"name":"checkIfEmailIsValid","decl":{"start":{"line":8,"column":35},"end":{"line":8,"column":70}},"loc":{"start":{"line":8,"column":35},"end":{"line":8,"column":70}},"line":8}},"f":{"0":0,"1":0,"2":0,"3":0}}
,"/home/dk/cursos-estudos/fullstackclub/app-finance/app-finance-api/src/controllers/helpers/validation.js": {"path":"/home/dk/cursos-estudos/fullstackclub/app-finance/app-finance-api/src/controllers/helpers/validation.js","all":false,"statementMap":{"0":{"start":{"line":1,"column":0},"end":{"line":1,"column":34}},"1":{"start":{"line":2,"column":0},"end":{"line":2,"column":39}},"2":{"start":{"line":3,"column":0},"end":{"line":3,"column":0}},"3":{"start":{"line":4,"column":0},"end":{"line":4,"column":61}},"4":{"start":{"line":5,"column":0},"end":{"line":5,"column":88}},"5":{"start":{"line":6,"column":0},"end":{"line":6,"column":0}},"6":{"start":{"line":7,"column":0},"end":{"line":7,"column":68}},"7":{"start":{"line":8,"column":0},"end":{"line":8,"column":0}},"8":{"start":{"line":9,"column":0},"end":{"line":9,"column":114}},"9":{"start":{"line":10,"column":0},"end":{"line":10,"column":0}},"10":{"start":{"line":11,"column":0},"end":{"line":11,"column":0}},"11":{"start":{"line":12,"column":0},"end":{"line":12,"column":65}},"12":{"start":{"line":13,"column":0},"end":{"line":13,"column":0}},"13":{"start":{"line":14,"column":0},"end":{"line":14,"column":39}},"14":{"start":{"line":15,"column":0},"end":{"line":15,"column":41}},"15":{"start":{"line":16,"column":0},"end":{"line":16,"column":60}},"16":{"start":{"line":17,"column":0},"end":{"line":17,"column":44}},"17":{"start":{"line":18,"column":0},"end":{"line":18,"column":33}},"18":{"start":{"line":19,"column":0},"end":{"line":19,"column":12}},"19":{"start":{"line":20,"column":0},"end":{"line":20,"column":45}},"20":{"start":{"line":21,"column":0},"end":{"line":21,"column":18}},"21":{"start":{"line":22,"column":0},"end":{"line":22,"column":32}},"22":{"start":{"line":23,"column":0},"end":{"line":23,"column":22}},"23":{"start":{"line":24,"column":0},"end":{"line":24,"column":11}},"24":{"start":{"line":25,"column":0},"end":{"line":25,"column":9}},"25":{"start":{"line":26,"column":0},"end":{"line":26,"column":7}},"26":{"start":{"line":27,"column":0},"end":{"line":27,"column":14}},"27":{"start":{"line":28,"column":0},"end":{"line":28,"column":32}},"28":{"start":{"line":29,"column":0},"end":{"line":29,"column":17}},"29":{"start":{"line":30,"column":0},"end":{"line":30,"column":7}},"30":{"start":{"line":31,"column":0},"end":{"line":31,"column":4}},"31":{"start":{"line":32,"column":0},"end":{"line":32,"column":1}}},"s":{"0":1,"1":1,"2":1,"3":1,"4":1,"5":1,"6":1,"7":1,"8":1,"9":1,"10":1,"11":1,"12":0,"13":0,"14":0,"15":0,"16":0,"17":0,"18":0,"19":0,"20":0,"21":0,"22":0,"23":0,"24":0,"25":0,"26":0,"27":0,"28":0,"29":0,"30":0,"31":0},"branchMap":{"0":{"type":"branch","line":1,"loc":{"start":{"line":1,"column":0},"end":{"line":32,"column":1}},"locations":[{"start":{"line":1,"column":0},"end":{"line":32,"column":1}}]}},"b":{"0":[1]},"fnMap":{"0":{"name":"checkIfIdIsValid","decl":{"start":{"line":4,"column":32},"end":{"line":4,"column":60}},"loc":{"start":{"line":4,"column":32},"end":{"line":4,"column":60}},"line":4},"1":{"name":"invalidIdResponse","decl":{"start":{"line":5,"column":33},"end":{"line":5,"column":87}},"loc":{"start":{"line":5,"column":33},"end":{"line":5,"column":87}},"line":5},"2":{"name":"checkIfIsString","decl":{"start":{"line":7,"column":31},"end":{"line":7,"column":67}},"loc":{"start":{"line":7,"column":31},"end":{"line":7,"column":67}},"line":7},"3":{"name":"requiredFieldIsMissingResponse","decl":{"start":{"line":9,"column":46},"end":{"line":9,"column":113}},"loc":{"start":{"line":9,"column":46},"end":{"line":9,"column":113}},"line":9},"4":{"name":"validateRequiredFids","decl":{"start":{"line":12,"column":36},"end":{"line":32,"column":1}},"loc":{"start":{"line":12,"column":36},"end":{"line":32,"column":1}},"line":12}},"f":{"0":0,"1":0,"2":0,"3":0,"4":0}}
,"/home/dk/cursos-estudos/fullstackclub/app-finance/app-finance-api/src/controllers/users/create-user.js": {"path":"/home/dk/cursos-estudos/fullstackclub/app-finance/app-finance-api/src/controllers/users/create-user.js","all":false,"statementMap":{"0":{"start":{"line":1,"column":0},"end":{"line":1,"column":20}},"1":{"start":{"line":2,"column":0},"end":{"line":2,"column":63}},"2":{"start":{"line":3,"column":0},"end":{"line":3,"column":58}},"3":{"start":{"line":4,"column":0},"end":{"line":4,"column":74}},"4":{"start":{"line":5,"column":0},"end":{"line":5,"column":0}},"5":{"start":{"line":6,"column":0},"end":{"line":6,"column":34}},"6":{"start":{"line":7,"column":0},"end":{"line":7,"column":33}},"7":{"start":{"line":8,"column":0},"end":{"line":8,"column":47}},"8":{"start":{"line":9,"column":0},"end":{"line":9,"column":2}},"9":{"start":{"line":10,"column":0},"end":{"line":10,"column":3}},"10":{"start":{"line":11,"column":0},"end":{"line":11,"column":30}},"11":{"start":{"line":12,"column":0},"end":{"line":12,"column":8}},"12":{"start":{"line":13,"column":0},"end":{"line":13,"column":37}},"13":{"start":{"line":14,"column":0},"end":{"line":14,"column":0}},"14":{"start":{"line":15,"column":0},"end":{"line":15,"column":4}},"15":{"start":{"line":16,"column":0},"end":{"line":16,"column":49}},"16":{"start":{"line":17,"column":0},"end":{"line":17,"column":0}},"17":{"start":{"line":18,"column":0},"end":{"line":18,"column":69}},"18":{"start":{"line":19,"column":0},"end":{"line":19,"column":0}},"19":{"start":{"line":20,"column":0},"end":{"line":20,"column":26}},"20":{"start":{"line":21,"column":0},"end":{"line":21,"column":34}},"21":{"start":{"line":22,"column":0},"end":{"line":22,"column":2}},"22":{"start":{"line":23,"column":0},"end":{"line":23,"column":20}},"23":{"start":{"line":24,"column":0},"end":{"line":24,"column":36}},"24":{"start":{"line":25,"column":0},"end":{"line":25,"column":60}},"25":{"start":{"line":26,"column":0},"end":{"line":26,"column":5}},"26":{"start":{"line":27,"column":0},"end":{"line":27,"column":0}},"27":{"start":{"line":28,"column":0},"end":{"line":28,"column":49}},"28":{"start":{"line":29,"column":0},"end":{"line":29,"column":50}},"29":{"start":{"line":30,"column":0},"end":{"line":30,"column":5}},"30":{"start":{"line":31,"column":0},"end":{"line":31,"column":0}},"31":{"start":{"line":32,"column":0},"end":{"line":32,"column":25}},"32":{"start":{"line":33,"column":0},"end":{"line":33,"column":28}},"33":{"start":{"line":34,"column":0},"end":{"line":34,"column":5}},"34":{"start":{"line":35,"column":0},"end":{"line":35,"column":4}},"35":{"start":{"line":36,"column":0},"end":{"line":36,"column":3}}},"s":{"0":1,"1":1,"2":1,"3":1,"4":1,"5":1,"6":1,"7":9,"8":9,"9":9,"10":1,"11":9,"12":9,"13":9,"14":9,"15":9,"16":3,"17":3,"18":2,"19":2,"20":2,"21":2,"22":9,"23":7,"24":6,"25":6,"26":1,"27":7,"28":0,"29":0,"30":1,"31":1,"32":1,"33":1,"34":9,"35":1},"branchMap":{"0":{"type":"branch","line":1,"loc":{"start":{"line":1,"column":0},"end":{"line":36,"column":3}},"locations":[{"start":{"line":1,"column":0},"end":{"line":36,"column":3}}]},"1":{"type":"branch","line":7,"loc":{"start":{"line":7,"column":2},"end":{"line":10,"column":3}},"locations":[{"start":{"line":7,"column":2},"end":{"line":10,"column":3}}]},"2":{"type":"branch","line":11,"loc":{"start":{"line":11,"column":2},"end":{"line":35,"column":4}},"locations":[{"start":{"line":11,"column":2},"end":{"line":35,"column":4}}]},"3":{"type":"branch","line":17,"loc":{"start":{"line":17,"column":-1},"end":{"line":18,"column":69}},"locations":[{"start":{"line":17,"column":-1},"end":{"line":18,"column":69}}]},"4":{"type":"branch","line":19,"loc":{"start":{"line":19,"column":-1},"end":{"line":23,"column":5}},"locations":[{"start":{"line":19,"column":-1},"end":{"line":23,"column":5}}]},"5":{"type":"branch","line":23,"loc":{"start":{"line":23,"column":5},"end":{"line":34,"column":5}},"locations":[{"start":{"line":23,"column":5},"end":{"line":34,"column":5}}]},"6":{"type":"branch","line":24,"loc":{"start":{"line":24,"column":35},"end":{"line":26,"column":5}},"locations":[{"start":{"line":24,"column":35},"end":{"line":26,"column":5}}]},"7":{"type":"branch","line":27,"loc":{"start":{"line":27,"column":-1},"end":{"line":28,"column":48}},"locations":[{"start":{"line":27,"column":-1},"end":{"line":28,"column":48}}]},"8":{"type":"branch","line":28,"loc":{"start":{"line":28,"column":48},"end":{"line":30,"column":5}},"locations":[{"start":{"line":28,"column":48},"end":{"line":30,"column":5}}]},"9":{"type":"branch","line":31,"loc":{"start":{"line":31,"column":-1},"end":{"line":34,"column":5}},"locations":[{"start":{"line":31,"column":-1},"end":{"line":34,"column":5}}]}},"b":{"0":[1],"1":[9],"2":[9],"3":[3],"4":[2],"5":[7],"6":[6],"7":[1],"8":[0],"9":[1]},"fnMap":{"0":{"name":"CreateUserController","decl":{"start":{"line":7,"column":2},"end":{"line":10,"column":3}},"loc":{"start":{"line":7,"column":2},"end":{"line":10,"column":3}},"line":7},"1":{"name":"execute","decl":{"start":{"line":11,"column":2},"end":{"line":35,"column":4}},"loc":{"start":{"line":11,"column":2},"end":{"line":35,"column":4}},"line":11}},"f":{"0":9,"1":9}}
,"/home/dk/cursos-estudos/fullstackclub/app-finance/app-finance-api/src/errors/user.js": {"path":"/home/dk/cursos-estudos/fullstackclub/app-finance/app-finance-api/src/errors/user.js","all":false,"statementMap":{"0":{"start":{"line":1,"column":0},"end":{"line":1,"column":52}},"1":{"start":{"line":2,"column":0},"end":{"line":2,"column":22}},"2":{"start":{"line":3,"column":0},"end":{"line":3,"column":60}},"3":{"start":{"line":4,"column":0},"end":{"line":4,"column":42}},"4":{"start":{"line":5,"column":0},"end":{"line":5,"column":3}},"5":{"start":{"line":6,"column":0},"end":{"line":6,"column":1}},"6":{"start":{"line":7,"column":0},"end":{"line":7,"column":0}},"7":{"start":{"line":8,"column":0},"end":{"line":8,"column":46}},"8":{"start":{"line":9,"column":0},"end":{"line":9,"column":23}},"9":{"start":{"line":10,"column":0},"end":{"line":10,"column":47}},"10":{"start":{"line":11,"column":0},"end":{"line":11,"column":36}},"11":{"start":{"line":12,"column":0},"end":{"line":12,"column":3}},"12":{"start":{"line":13,"column":0},"end":{"line":13,"column":1}}},"s":{"0":1,"1":1,"2":0,"3":0,"4":0,"5":1,"6":1,"7":1,"8":1,"9":0,"10":0,"11":0,"12":1},"branchMap":{"0":{"type":"branch","line":1,"loc":{"start":{"line":1,"column":0},"end":{"line":13,"column":1}},"locations":[{"start":{"line":1,"column":0},"end":{"line":13,"column":1}}]}},"b":{"0":[1]},"fnMap":{"0":{"name":"EmailAlreadyExistsError","decl":{"start":{"line":2,"column":2},"end":{"line":5,"column":3}},"loc":{"start":{"line":2,"column":2},"end":{"line":5,"column":3}},"line":2},"1":{"name":"UserNotFoundError","decl":{"start":{"line":9,"column":2},"end":{"line":12,"column":3}},"loc":{"start":{"line":9,"column":2},"end":{"line":12,"column":3}},"line":9}},"f":{"0":0,"1":0}}
,"/home/dk/cursos-estudos/fullstackclub/app-finance/app-finance-api/src/schemas/index.js": {"path":"/home/dk/cursos-estudos/fullstackclub/app-finance/app-finance-api/src/schemas/index.js","all":false,"statementMap":{"0":{"start":{"line":1,"column":0},"end":{"line":1,"column":33}},"1":{"start":{"line":2,"column":0},"end":{"line":2,"column":26}}},"s":{"0":1,"1":1},"branchMap":{"0":{"type":"branch","line":1,"loc":{"start":{"line":1,"column":0},"end":{"line":2,"column":26}},"locations":[{"start":{"line":1,"column":0},"end":{"line":2,"column":26}}]}},"b":{"0":[1]},"fnMap":{},"f":{}}
,"/home/dk/cursos-estudos/fullstackclub/app-finance/app-finance-api/src/schemas/transaction.js": {"path":"/home/dk/cursos-estudos/fullstackclub/app-finance/app-finance-api/src/schemas/transaction.js","all":false,"statementMap":{"0":{"start":{"line":1,"column":0},"end":{"line":1,"column":34}},"1":{"start":{"line":2,"column":0},"end":{"line":2,"column":20}},"2":{"start":{"line":3,"column":0},"end":{"line":3,"column":0}},"3":{"start":{"line":4,"column":0},"end":{"line":4,"column":49}},"4":{"start":{"line":5,"column":0},"end":{"line":5,"column":20}},"5":{"start":{"line":6,"column":0},"end":{"line":6,"column":42}},"6":{"start":{"line":7,"column":0},"end":{"line":7,"column":19}},"7":{"start":{"line":8,"column":0},"end":{"line":8,"column":18}},"8":{"start":{"line":9,"column":0},"end":{"line":9,"column":39}},"9":{"start":{"line":10,"column":0},"end":{"line":10,"column":20}},"10":{"start":{"line":11,"column":0},"end":{"line":11,"column":52}},"11":{"start":{"line":12,"column":0},"end":{"line":12,"column":5}},"12":{"start":{"line":13,"column":0},"end":{"line":13,"column":20}},"13":{"start":{"line":14,"column":0},"end":{"line":14,"column":41}},"14":{"start":{"line":15,"column":0},"end":{"line":15,"column":69}},"15":{"start":{"line":16,"column":0},"end":{"line":16,"column":30}},"16":{"start":{"line":17,"column":0},"end":{"line":17,"column":24}},"17":{"start":{"line":18,"column":0},"end":{"line":18,"column":27}},"18":{"start":{"line":19,"column":0},"end":{"line":19,"column":26}},"19":{"start":{"line":20,"column":0},"end":{"line":20,"column":6}},"20":{"start":{"line":21,"column":0},"end":{"line":21,"column":54}},"21":{"start":{"line":22,"column":0},"end":{"line":22,"column":39}},"22":{"start":{"line":23,"column":0},"end":{"line":23,"column":5}},"23":{"start":{"line":24,"column":0},"end":{"line":24,"column":18}},"24":{"start":{"line":25,"column":0},"end":{"line":25,"column":39}},"25":{"start":{"line":26,"column":0},"end":{"line":26,"column":15}},"26":{"start":{"line":27,"column":0},"end":{"line":27,"column":38}},"27":{"start":{"line":28,"column":0},"end":{"line":28,"column":6}},"28":{"start":{"line":29,"column":0},"end":{"line":29,"column":0}},"29":{"start":{"line":30,"column":0},"end":{"line":30,"column":2}}},"s":{"0":1,"1":1,"2":1,"3":1,"4":1,"5":1,"6":1,"7":1,"8":1,"9":1,"10":1,"11":1,"12":1,"13":1,"14":1,"15":0,"16":0,"17":0,"18":0,"19":1,"20":1,"21":1,"22":1,"23":1,"24":1,"25":1,"26":1,"27":1,"28":1,"29":1},"branchMap":{"0":{"type":"branch","line":1,"loc":{"start":{"line":1,"column":0},"end":{"line":30,"column":2}},"locations":[{"start":{"line":1,"column":0},"end":{"line":30,"column":2}}]}},"b":{"0":[1]},"fnMap":{},"f":{}}
,"/home/dk/cursos-estudos/fullstackclub/app-finance/app-finance-api/src/schemas/user.js": {"path":"/home/dk/cursos-estudos/fullstackclub/app-finance/app-finance-api/src/schemas/user.js","all":false,"statementMap":{"0":{"start":{"line":1,"column":0},"end":{"line":1,"column":24}},"1":{"start":{"line":2,"column":0},"end":{"line":2,"column":0}},"2":{"start":{"line":3,"column":0},"end":{"line":3,"column":43}},"3":{"start":{"line":4,"column":0},"end":{"line":4,"column":28}},"4":{"start":{"line":5,"column":0},"end":{"line":5,"column":43}},"5":{"start":{"line":6,"column":0},"end":{"line":6,"column":24}},"6":{"start":{"line":7,"column":0},"end":{"line":7,"column":62}},"7":{"start":{"line":8,"column":0},"end":{"line":8,"column":9}},"8":{"start":{"line":9,"column":0},"end":{"line":9,"column":27}},"9":{"start":{"line":10,"column":0},"end":{"line":10,"column":48}},"10":{"start":{"line":11,"column":0},"end":{"line":11,"column":24}},"11":{"start":{"line":12,"column":0},"end":{"line":12,"column":61}},"12":{"start":{"line":13,"column":0},"end":{"line":13,"column":9}},"13":{"start":{"line":14,"column":0},"end":{"line":14,"column":22}},"14":{"start":{"line":15,"column":0},"end":{"line":15,"column":33}},"15":{"start":{"line":16,"column":0},"end":{"line":16,"column":24}},"16":{"start":{"line":17,"column":0},"end":{"line":17,"column":57}},"17":{"start":{"line":18,"column":0},"end":{"line":18,"column":9}},"18":{"start":{"line":19,"column":0},"end":{"line":19,"column":26}},"19":{"start":{"line":20,"column":0},"end":{"line":20,"column":47}},"20":{"start":{"line":21,"column":0},"end":{"line":21,"column":24}},"21":{"start":{"line":22,"column":0},"end":{"line":22,"column":60}},"22":{"start":{"line":23,"column":0},"end":{"line":23,"column":8}},"23":{"start":{"line":24,"column":0},"end":{"line":24,"column":7}},"24":{"start":{"line":25,"column":0},"end":{"line":25,"column":0}},"25":{"start":{"line":26,"column":0},"end":{"line":26,"column":72}},"26":{"start":{"line":27,"column":0},"end":{"line":27,"column":43}},"27":{"start":{"line":28,"column":0},"end":{"line":28,"column":7}}},"s":{"0":1,"1":1,"2":1,"3":1,"4":1,"5":1,"6":1,"7":1,"8":1,"9":1,"10":1,"11":1,"12":1,"13":1,"14":1,"15":1,"16":1,"17":1,"18":1,"19":1,"20":1,"21":1,"22":1,"23":1,"24":1,"25":1,"26":1,"27":1},"branchMap":{"0":{"type":"branch","line":1,"loc":{"start":{"line":1,"column":0},"end":{"line":28,"column":7}},"locations":[{"start":{"line":1,"column":0},"end":{"line":28,"column":7}}]}},"b":{"0":[1]},"fnMap":{},"f":{}}
}
