TN:
SF:src/controllers/users/create-user.js
FN:7,CreateUserController
FN:11,execute
FNF:2
FNH:2
FNDA:5,CreateUserController
FNDA:5,execute
DA:1,1
DA:2,1
DA:3,1
DA:4,1
DA:5,1
DA:6,1
DA:7,1
DA:8,5
DA:9,5
DA:10,5
DA:11,1
DA:12,5
DA:13,5
DA:14,5
DA:15,5
DA:16,5
DA:17,1
DA:18,1
DA:19,1
DA:20,1
DA:21,1
DA:22,1
DA:23,5
DA:24,4
DA:25,4
DA:26,4
DA:27,0
DA:28,0
DA:29,0
DA:30,0
DA:31,0
DA:32,0
DA:33,0
DA:34,0
DA:35,5
DA:36,1
LF:36
LH:28
BRDA:7,0,0,5
BRDA:11,1,0,5
BRDA:16,2,0,1
BRDA:23,3,0,4
BRDA:26,4,0,0
BRF:5
BRH:4
end_of_record
