TN:
SF:src/controllers/users/create-user.js
FN:7,CreateUserController
FN:11,execute
FNF:2
FNH:2
FNDA:7,CreateUserController
FNDA:7,execute
DA:1,1
DA:2,1
DA:3,1
DA:4,1
DA:5,1
DA:6,1
DA:7,1
DA:8,7
DA:9,7
DA:10,7
DA:11,1
DA:12,7
DA:13,7
DA:14,7
DA:15,7
DA:16,7
DA:17,1
DA:18,1
DA:19,1
DA:20,1
DA:21,1
DA:22,1
DA:23,7
DA:24,6
DA:25,6
DA:26,6
DA:27,0
DA:28,0
DA:29,0
DA:30,0
DA:31,0
DA:32,0
DA:33,0
DA:34,0
DA:35,7
DA:36,1
LF:36
LH:28
BRDA:7,0,0,7
BRDA:11,1,0,7
BRDA:16,2,0,1
BRDA:23,3,0,6
BRDA:26,4,0,0
BRF:5
BRH:4
end_of_record
